  [1m[35m (537.2ms)[0m  [1m[35mCREATE DATABASE "ninety_nine_cats_development" ENCODING = 'unicode'[0m
  [1m[35m (679.0ms)[0m  [1m[35mCREATE DATABASE "ninety_nine_cats_test" ENCODING = 'unicode'[0m
  [1m[35m (25.0ms)[0m  [1m[35mCREATE TABLE "schema_migrations" ("version" character varying NOT NULL PRIMARY KEY)[0m
  [1m[35m (45.9ms)[0m  [1m[35mCREATE TABLE "ar_internal_metadata" ("key" character varying NOT NULL PRIMARY KEY, "value" character varying, "created_at" timestamp(6) NOT NULL, "updated_at" timestamp(6) NOT NULL)[0m
  [1m[35m (0.4ms)[0m  [1m[34mSELECT pg_try_advisory_lock(723150122408807205)[0m
  [1m[36mActiveRecord::SchemaMigration Load (44.5ms)[0m  [1m[34mSELECT "schema_migrations"."version" FROM "schema_migrations" ORDER BY "schema_migrations"."version" ASC[0m
  [1m[36mActiveRecord::InternalMetadata Load (44.7ms)[0m  [1m[34mSELECT * FROM "ar_internal_metadata" WHERE "ar_internal_metadata"."key" = $1 ORDER BY "ar_internal_metadata"."key" ASC LIMIT 1[0m  [[nil, "environment"]]
  [1m[36mActiveRecord::InternalMetadata Create (46.0ms)[0m  [1m[32mINSERT INTO "ar_internal_metadata" ("key", "value", "created_at", "updated_at") VALUES ('environment', 'development', '2023-11-27 19:07:50.690826', '2023-11-27 19:07:50.690833') RETURNING "key"[0m
Migrating to CreateCats (20231127190311)
  [1m[36mTRANSACTION (0.2ms)[0m  [1m[35mBEGIN[0m
  [1m[35m (68.8ms)[0m  [1m[35mCREATE TABLE "cats" ("id" bigserial primary key, "birth_date" date NOT NULL, "color" character varying NOT NULL, "name" character varying NOT NULL, "sex" character varying(1) NOT NULL, "description" text, "created_at" timestamp(6) NOT NULL, "updated_at" timestamp(6) NOT NULL)[0m
  [1m[36mActiveRecord::SchemaMigration Create (3.7ms)[0m  [1m[32mINSERT INTO "schema_migrations" ("version") VALUES ('20231127190311') RETURNING "version"[0m
  [1m[36mTRANSACTION (47.1ms)[0m  [1m[35mCOMMIT[0m
  [1m[35m (84.0ms)[0m  [1m[34mSELECT pg_advisory_unlock(723150122408807205)[0m
  [1m[36mActiveRecord::SchemaMigration Load (0.5ms)[0m  [1m[34mSELECT "schema_migrations"."version" FROM "schema_migrations" ORDER BY "schema_migrations"."version" ASC[0m
  [1m[36mCat Load (2.4ms)[0m  [1m[34mSELECT "cats".* FROM "cats" /* loading for pp */ LIMIT $1[0m  [["LIMIT", 11]]
  [1m[36mTRANSACTION (41.8ms)[0m  [1m[35mBEGIN[0m
  [1m[36mCat Create (114.1ms)[0m  [1m[32mINSERT INTO "cats" ("birth_date", "color", "name", "sex", "description", "created_at", "updated_at") VALUES ($1, $2, $3, $4, $5, $6, $7) RETURNING "id"[0m  [["birth_date", "2015-01-20"], ["color", "red"], ["name", "fluffy"], ["sex", "M"], ["description", nil], ["created_at", "2023-11-27 20:11:37.395455"], ["updated_at", "2023-11-27 20:11:37.395455"]]
  [1m[36mTRANSACTION (41.2ms)[0m  [1m[35mCOMMIT[0m
Started GET "/cats" for ::1 at 2023-11-27 15:25:42 -0500
  [1m[36mActiveRecord::SchemaMigration Load (43.9ms)[0m  [1m[34mSELECT "schema_migrations"."version" FROM "schema_migrations" ORDER BY "schema_migrations"."version" ASC[0m

SyntaxError - syntax error, unexpected '(', expecting `end'
...          redirect_to :cat_url(@cat)
...                              ^:
  app/controllers/cats_controller.rb:20:in `'

  [1m[36mActiveRecord::SchemaMigration Load (42.8ms)[0m  [1m[34mSELECT "schema_migrations"."version" FROM "schema_migrations" ORDER BY "schema_migrations"."version" ASC[0m
Started GET "/cats" for ::1 at 2023-11-27 15:30:32 -0500

SyntaxError - syntax error, unexpected '(', expecting `end'
...          redirect_to :cat_url(@cat)
...                              ^:
  app/controllers/cats_controller.rb:20:in `'

Started GET "/cats" for ::1 at 2023-11-27 15:30:57 -0500

SyntaxError - syntax error, unexpected '(', expecting `end'
...         redirect_to :cats_url(@cat)
...                              ^:
  app/controllers/cats_controller.rb:20:in `'

Started GET "/cats" for ::1 at 2023-11-27 15:31:31 -0500

SyntaxError - syntax error, unexpected '(', expecting `end'
...          redirect_to :cat_url(@cat.id)
...                              ^
/Users/Shaun/Desktop/w7d1/ninety-nine-cats/app/controllers/cats_controller.rb:20: syntax error, unexpected ')', expecting `end'
...  redirect_to :cat_url(@cat.id)
...                              ^:
  app/controllers/cats_controller.rb:20:in `'

Started GET "/cats" for ::1 at 2023-11-27 15:31:51 -0500

SyntaxError - syntax error, unexpected ':', expecting `end'
            redirect_to: cat_url(@cat)
                       ^:
  app/controllers/cats_controller.rb:20:in `'

Started GET "/cats" for ::1 at 2023-11-27 15:32:07 -0500
Processing by CatsController#index as */*
Completed 500 Internal Server Error in 96ms (ActiveRecord: 0.0ms | Allocations: 11325)



ActionView::MissingTemplate - Missing template cats/index, application/index with {:locale=>[:en], :formats=>[:html, :text, :js, :css, :ics, :csv, :vcf, :vtt, :png, :jpeg, :gif, :bmp, :tiff, :svg, :webp, :mpeg, :mp3, :ogg, :m4a, :webm, :mp4, :otf, :ttf, :woff, :woff2, :xml, :rss, :atom, :yaml, :multipart_form, :url_encoded_form, :json, :pdf, :zip, :gzip], :variants=>[], :handlers=>[:raw, :erb, :html, :builder, :ruby]}.
Searched in:
  * "/Users/Shaun/Desktop/w7d1/ninety-nine-cats/app/views"
Did you mean?  layouts/application:
  app/controllers/cats_controller.rb:4:in `index'

Started GET "/cats" for ::1 at 2023-11-27 15:32:32 -0500
Processing by CatsController#index as */*
  [1m[36mCat Load (46.6ms)[0m  [1m[34mSELECT "cats".* FROM "cats"[0m
  ↳ app/controllers/cats_controller.rb:4:in `index'
Completed 200 OK in 350ms (Views: 206.4ms | ActiveRecord: 139.2ms | Allocations: 14975)


